#
# There is insufficient memory for the Java Runtime Environment to continue.
# Native memory allocation (mmap) failed to map 232783872 bytes for G1 virtual space
# Possible reasons:
#   The system is out of physical RAM or swap space
#   The process is running with CompressedOops enabled, and the Java Heap may be blocking the growth of the native heap
# Possible solutions:
#   Reduce memory load on the system
#   Increase physical memory or swap space
#   Check if swap backing store is full
#   Decrease Java heap size (-Xmx/-Xms)
#   Decrease number of Java threads
#   Decrease Java thread stack sizes (-Xss)
#   Set larger code cache with -XX:ReservedCodeCacheSize=
#   JVM is running with Zero Based Compressed Oops mode in which the Java heap is
#     placed in the first 32GB address space. The Java Heap base address is the
#     maximum limit for the native heap growth. Please use -XX:HeapBaseMinAddress
#     to set the Java Heap base and to place the Java Heap above 32GB virtual address.
# This output file may be truncated or incomplete.
#
#  Out of Memory Error (os_windows.cpp:3469), pid=6444, tid=20044
#
# JRE version:  (17.0.1+12) (build )
# Java VM: Java HotSpot(TM) 64-Bit Server VM (17.0.1+12-LTS-39, mixed mode, sharing, tiered, compressed oops, compressed class ptrs, g1 gc, windows-amd64)
# No core dump will be written. Minidumps are not enabled by default on client versions of Windows
#

---------------  S U M M A R Y ------------

Command Line: -Dfile.encoding=utf8 c:\Users\27846\.vscode\extensions\vscjava.vscode-gradle-3.13.5\lib\gradle-language-server.jar

Host: AMD Ryzen 7 5800U with Radeon Graphics         , 16 cores, 13G,  Windows 10 , 64 bit Build 22621 (10.0.22621.3085)
Time: Sat Mar  2 22:29:54 2024  Windows 10 , 64 bit Build 22621 (10.0.22621.3085) elapsed time: 0.010761 seconds (0d 0h 0m 0s)

---------------  T H R E A D  ---------------

Current thread (0x000001c0486a52f0):  JavaThread "Unknown thread" [_thread_in_vm, id=20044, stack(0x000000557f000000,0x000000557f100000)]

Stack: [0x000000557f000000,0x000000557f100000]
Native frames: (J=compiled Java code, j=interpreted, Vv=VM code, C=native code)
V  [jvm.dll+0x66fa1a]
V  [jvm.dll+0x7ce5a4]
V  [jvm.dll+0x7cfd4e]
V  [jvm.dll+0x7d03b3]
V  [jvm.dll+0x242b05]
V  [jvm.dll+0x66ca39]
V  [jvm.dll+0x661502]
V  [jvm.dll+0x30081b]
V  [jvm.dll+0x307da6]
V  [jvm.dll+0x357a1e]
V  [jvm.dll+0x357c4f]
V  [jvm.dll+0x2d7ad8]
V  [jvm.dll+0x2d8a44]
V  [jvm.dll+0x7a01e1]
V  [jvm.dll+0x365791]
V  [jvm.dll+0x77f6cc]
V  [jvm.dll+0x3e812f]
V  [jvm.dll+0x3e9bd1]
C  [jli.dll+0x527b]
C  [ucrtbase.dll+0x29363]
C  [KERNEL32.DLL+0x1257d]
C  [ntdll.dll+0x5aa58]


---------------  P R O C E S S  ---------------

Threads class SMR info:
_java_thread_list=0x00007ff8b3b07818, length=0, elements={
}

Java Threads: ( => current thread )

Other Threads:
  0x000001c0486effc0 GCTaskThread "GC Thread#0" [stack: 0x000000557f100000,0x000000557f200000] [id=24120]
  0x000001c0486fec90 ConcurrentGCThread "G1 Main Marker" [stack: 0x000000557f200000,0x000000557f300000] [id=16048]
  0x000001c0486ffe40 ConcurrentGCThread "G1 Conc#0" [stack: 0x000000557f300000,0x000000557f400000] [id=2416]

[error occurred during error reporting (printing all threads), id 0xc0000005, EXCEPTION_ACCESS_VIOLATION (0xc0000005) at pc=0x00007ff8b33584b7]

VM state: not at safepoint (not fully initialized)

VM Mutex/Monitor currently owned by a thread:  ([mutex/lock_event])
[0x000001c0486a14b0] Heap_lock - owner thread: 0x000001c0486a52f0

Heap address: 0x0000000722600000, size: 3546 MB, Compressed Oops mode: Zero based, Oop shift amount: 3

CDS archive(s) mapped at: [0x0000000000000000-0x0000000000000000-0x0000000000000000), size 0, SharedBaseAddress: 0x0000000800000000, ArchiveRelocationMode: 0.
Narrow klass base: 0x0000000000000000, Narrow klass shift: 0, Narrow klass range: 0x0

GC Precious Log:
<Empty>

Heap:
 garbage-first heap   total 0K, used 0K [0x0000000722600000, 0x0000000800000000)
  region size 2048K, 0 young (0K), 0 survivors (0K)

[error occurred during error reporting (printing heap information), id 0xc0000005, EXCEPTION_ACCESS_VIOLATION (0xc0000005) at pc=0x00007ff8b3738d89]

GC Heap History (0 events):
No events

Deoptimization events (0 events):
No events

Classes unloaded (0 events):
No events

Classes redefined (0 events):
No events

Internal exceptions (0 events):
No events

VM Operations (0 events):
No events

Events (1 events):
Event: 0.008 Loaded shared library E:\Codes\JavaJdk17\bin\java.dll


Dynamic libraries:
0x00007ff65f8c0000 - 0x00007ff65f8d0000 	E:\Codes\JavaJdk17\bin\java.exe
0x00007ff94da70000 - 0x00007ff94dc87000 	C:\WINDOWS\SYSTEM32\ntdll.dll
0x00007ff94bbc0000 - 0x00007ff94bc84000 	C:\WINDOWS\System32\KERNEL32.DLL
0x00007ff94b180000 - 0x00007ff94b526000 	C:\WINDOWS\System32\KERNELBASE.dll
0x00007ff94afa0000 - 0x00007ff94b0b1000 	C:\WINDOWS\System32\ucrtbase.dll
0x00007ff92fce0000 - 0x00007ff92fcfa000 	E:\Codes\JavaJdk17\bin\VCRUNTIME140.dll
0x00007ff92ed30000 - 0x00007ff92ed48000 	E:\Codes\JavaJdk17\bin\jli.dll
0x00007ff94c4e0000 - 0x00007ff94c593000 	C:\WINDOWS\System32\ADVAPI32.dll
0x00007ff94be50000 - 0x00007ff94bef7000 	C:\WINDOWS\System32\msvcrt.dll
0x00007ff94c430000 - 0x00007ff94c4d8000 	C:\WINDOWS\System32\sechost.dll
0x00007ff94adb0000 - 0x00007ff94add8000 	C:\WINDOWS\System32\bcrypt.dll
0x00007ff94bfc0000 - 0x00007ff94c0d7000 	C:\WINDOWS\System32\RPCRT4.dll
0x00007ff94c600000 - 0x00007ff94c7ae000 	C:\WINDOWS\System32\USER32.dll
0x00007ff9358b0000 - 0x00007ff935b43000 	C:\WINDOWS\WinSxS\amd64_microsoft.windows.common-controls_6595b64144ccf1df_6.0.22621.2506_none_270c5ae97388e100\COMCTL32.dll
0x00007ff94b530000 - 0x00007ff94b556000 	C:\WINDOWS\System32\win32u.dll
0x00007ff94bf90000 - 0x00007ff94bfb9000 	C:\WINDOWS\System32\GDI32.dll
0x00007ff94ae80000 - 0x00007ff94af98000 	C:\WINDOWS\System32\gdi32full.dll
0x00007ff94ade0000 - 0x00007ff94ae7a000 	C:\WINDOWS\System32\msvcp_win.dll
0x00007ff940b00000 - 0x00007ff940b0a000 	C:\WINDOWS\SYSTEM32\VERSION.dll
0x00007ff94bc90000 - 0x00007ff94bcc1000 	C:\WINDOWS\System32\IMM32.DLL
0x00007ff939de0000 - 0x00007ff939dec000 	E:\Codes\JavaJdk17\bin\vcruntime140_1.dll
0x00007ff8b7f90000 - 0x00007ff8b801d000 	E:\Codes\JavaJdk17\bin\msvcp140.dll
0x00007ff8b3070000 - 0x00007ff8b3c2e000 	E:\Codes\JavaJdk17\bin\server\jvm.dll
0x00007ff94c7b0000 - 0x00007ff94c7b8000 	C:\WINDOWS\System32\PSAPI.DLL
0x00007ff92c620000 - 0x00007ff92c629000 	C:\WINDOWS\SYSTEM32\WSOCK32.dll
0x00007ff9486e0000 - 0x00007ff948714000 	C:\WINDOWS\SYSTEM32\WINMM.dll
0x00007ff94b7c0000 - 0x00007ff94b831000 	C:\WINDOWS\System32\WS2_32.dll
0x00007ff949df0000 - 0x00007ff949e08000 	C:\WINDOWS\SYSTEM32\kernel.appcore.dll
0x00007ff9307e0000 - 0x00007ff9307ea000 	E:\Codes\JavaJdk17\bin\jimage.dll
0x00007ff948430000 - 0x00007ff948663000 	C:\WINDOWS\SYSTEM32\DBGHELP.DLL
0x00007ff94c7c0000 - 0x00007ff94cb49000 	C:\WINDOWS\System32\combase.dll
0x00007ff94cb50000 - 0x00007ff94cc27000 	C:\WINDOWS\System32\OLEAUT32.dll
0x00007ff9486a0000 - 0x00007ff9486d2000 	C:\WINDOWS\SYSTEM32\dbgcore.DLL
0x00007ff94b560000 - 0x00007ff94b5da000 	C:\WINDOWS\System32\bcryptPrimitives.dll
0x00007ff90aa00000 - 0x00007ff90aa25000 	E:\Codes\JavaJdk17\bin\java.dll

dbghelp: loaded successfully - version: 4.0.5 - missing functions: none
symbol engine: initialized successfully - sym options: 0x614 - pdb path: .;E:\Codes\JavaJdk17\bin;C:\WINDOWS\SYSTEM32;C:\WINDOWS\WinSxS\amd64_microsoft.windows.common-controls_6595b64144ccf1df_6.0.22621.2506_none_270c5ae97388e100;E:\Codes\JavaJdk17\bin\server

VM Arguments:
jvm_args: -Dfile.encoding=utf8 
java_command: c:\Users\27846\.vscode\extensions\vscjava.vscode-gradle-3.13.5\lib\gradle-language-server.jar
java_class_path (initial): c:\Users\27846\.vscode\extensions\vscjava.vscode-gradle-3.13.5\lib\gradle-language-server.jar
Launcher Type: SUN_STANDARD

[Global flags]
     intx CICompilerCount                          = 12                                        {product} {ergonomic}
     uint ConcGCThreads                            = 3                                         {product} {ergonomic}
     uint G1ConcRefinementThreads                  = 13                                        {product} {ergonomic}
   size_t G1HeapRegionSize                         = 2097152                                   {product} {ergonomic}
    uintx GCDrainStackTargetSize                   = 64                                        {product} {ergonomic}
   size_t InitialHeapSize                          = 232783872                                 {product} {ergonomic}
   size_t MarkStackSize                            = 4194304                                   {product} {ergonomic}
   size_t MaxHeapSize                              = 3718250496                                {product} {ergonomic}
   size_t MinHeapDeltaBytes                        = 2097152                                   {product} {ergonomic}
   size_t MinHeapSize                              = 8388608                                   {product} {ergonomic}
    uintx NonNMethodCodeHeapSize                   = 7602480                                {pd product} {ergonomic}
    uintx NonProfiledCodeHeapSize                  = 122027880                              {pd product} {ergonomic}
    uintx ProfiledCodeHeapSize                     = 122027880                              {pd product} {ergonomic}
    uintx ReservedCodeCacheSize                    = 251658240                              {pd product} {ergonomic}
     bool SegmentedCodeCache                       = true                                      {product} {ergonomic}
   size_t SoftMaxHeapSize                          = 3718250496                             {manageable} {ergonomic}
     bool UseCompressedClassPointers               = true                           {product lp64_product} {ergonomic}
     bool UseCompressedOops                        = true                           {product lp64_product} {ergonomic}
     bool UseG1GC                                  = true                                      {product} {ergonomic}
     bool UseLargePagesIndividualAllocation        = false                                  {pd product} {ergonomic}

Logging:
Log output configuration:
 #0: stdout all=warning uptime,level,tags
 #1: stderr all=off uptime,level,tags

Environment Variables:
JAVA_HOME=E:\Codes\JavaJdk17
CLASSPATH=CLASSPATH.;E:\Codes\JavaJdk17\lib\dt.jar;E:\Codes\JavaJdk17\lib\tools.jar;E:\Tomcat\apache-tomcat-10.0.12\lib;E:\Tomcat\apache-tomcat-10.0.12\lib\servlet-api.jar;E:\Tomcat\apache-tomcat-10.0.12\lib\jsp-api.jar
PATH=D:\Software\Vmware\bin\;C:\Program Files\Microsoft\jdk-11.0.16.101-hotspot\bin;C:\Windows\System32;C:\Program Files\Common Files\Oracle\Java\javapath;E:\Codes\Python\Scripts\;E:\Codes\Python\;C:\WINDOWS\system32;C:\WINDOWS;C:\WINDOWS\System32\Wbem;C:\WINDOWS\System32\WindowsPowerShell\v1.0\;C:\WINDOWS\System32\OpenSSH\;E:\Codes\Cpp\mingw64\bin;E:\Codes\Cpp\Cmake\cmake-3.22.2-windows-x86_64\bin;E:\Code\VS2022\Money\x64\Debug;E:\Code\Dev;E:\Codes\JavaJdk17\bin;E:\Code\VS2022\SR\x64\Debug;E:\Codes\Maven\apache-maven-3.9.0\bin;E:\Tomcat\apache-tomcat-10.0.12\bin;E:\Path;E:\Tomcat\apache-tomcat-19.0.12\lib;C:\Program Files\dotnet\;C:\Program Files\Microsoft SQL Server\150\Tools\Binn\;C:\Program Files\Microsoft SQL Server\Client SDK\ODBC\170\Tools\Binn\;E:\Codes\Ffmpeg\bin;E:\Codes\Android\cmdline-tools\latest;E:\Codes\Android\cmdline-tools\latest\bin;E:\Codes\Android\platform-tools;E:\Codes\Android\emulator;E:\Codes\Android\build-tools\34.0.0;E:\Project\Class\Vocabulary\src\com\Cet4\;E:\Codes\Redis\Redis-x64-3.0.504;E:\Codes\Android\android-sdk-windows\platform-tools;C:\Users\27846\AppData\Local\Microsoft\WindowsApps;E:\Pycharm\PyCharm Community Edition 2021.3.2\bin;;E:\VSCode\Microsoft VS Code\bin;C:\Users\27846\AppData\Local\Programs\EmEditor;C:\Program Files\Bandizip\;C:\Users\27846\.dotnet\tools;E:\Codes\MySQL\mysql-5.7.19-winx64\bin;C:\Users\27846\AppData\Local\GitHubDesktop\bin
USERNAME=27846
OS=Windows_NT
PROCESSOR_IDENTIFIER=AMD64 Family 25 Model 80 Stepping 0, AuthenticAMD



---------------  S Y S T E M  ---------------

OS:
 Windows 10 , 64 bit Build 22621 (10.0.22621.3085)
OS uptime: 0 days 6:29 hours

CPU: total 16 (initial active 16) (16 cores per cpu, 2 threads per core) family 25 model 80 stepping 0 microcode 0x0, cx8, cmov, fxsr, ht, mmx, 3dnowpref, sse, sse2, sse3, ssse3, sse4a, sse4.1, sse4.2, popcnt, lzcnt, tsc, tscinvbit, avx, avx2, aes, erms, clmul, bmi1, bmi2, adx, sha, fma, vzeroupper, clflush, clflushopt

Memory: 4k page, system-wide physical 14176M (5118M free)
TotalPageFile size 49465M (AvailPageFile size 67M)
current process WorkingSet (physical memory assigned to process): 11M, peak: 11M
current process commit charge ("private bytes"): 70M, peak: 292M

vm_info: Java HotSpot(TM) 64-Bit Server VM (17.0.1+12-LTS-39) for windows-amd64 JRE (17.0.1+12-LTS-39), built on Sep 27 2021 18:41:35 by "mach5one" with MS VC++ 16.8 (VS2019)

END.
